2025-07-17 06:07:10 - Request: {"order_id":"4","status":"confirmed","tracking_number":"LBC233475093"}
2025-07-17 06:17:46 - Request: {"order_id":"5","status":"shipped","tracking_number":"LBC2334O5093"}
2025-07-20 13:24:50 - Request: {"order_id":"1","status":"confirmed","tracking_number":"LBC233475093"}
2025-07-20 13:25:32 - Request: {"order_id":"1","status":"shipped","tracking_number":"LBC233475093"}
2025-07-21 15:12:04 - Request: {"order_id":"1","status":"shipped","tracking_number":"LBC233475093"}
2025-07-21 15:24:48 - Request: {"order_id":"1","status":"delivered","tracking_number":"LBC233475093"}
2025-07-21 15:36:43 - Request: {"order_item_id":"1","status":"shipped","tracking_number":"LBC2334O5093"}
2025-07-21 15:38:01 - Request: {"order_item_id":"2","status":"shipped","tracking_number":"LBC233793065"}
2025-07-21 15:58:16 - Request: {"order_item_id":"2","status":"delivered","tracking_number":"LBC233793065"}
2025-07-22 12:24:10 - Request: {"order_item_id":"3","status":"delivered","tracking_number":"LBC233475093"}
2025-07-23 06:16:50 - Request: {"order_item_id":"1","status":"delivered","tracking_number":"LBC233793065"}
2025-07-23 06:18:23 - Request: {"order_item_id":"2","status":"confirmed","tracking_number":"LBC233475093"}
2025-07-23 06:18:50 - Request: {"order_item_id":"2","status":"shipped","tracking_number":"LBC233475093"}
2025-08-25 16:02:47 - Request: {"order_item_id":"0","status":"delivered","tracking_number":"LBC233475195"}
2025-08-27 14:46:22 - Request: {"order_item_id":"0","status":"shipped","tracking_number":"LBC233475093"}
[2025-08-27 14:58:27] Order failed: SQLSTATE[23000]: Integrity constraint violation: 1062 Duplicate entry '0' for key 'PRIMARY'
[2025-08-27 15:02:52] Order failed: SQLSTATE[23000]: Integrity constraint violation: 1062 Duplicate entry '0' for key 'PRIMARY'
[2025-08-27 15:06:16] Order failed: SQLSTATE[23000]: Integrity constraint violation: 1062 Duplicate entry '0' for key 'PRIMARY'
[2025-08-27 15:08:57] Order failed: SQLSTATE[23000]: Integrity constraint violation: 1062 Duplicate entry '0' for key 'PRIMARY'
[2025-08-27 15:12:16] Order failed: SQLSTATE[23000]: Integrity constraint violation: 1062 Duplicate entry '0' for key 'PRIMARY'
[2025-08-27 15:13:43] Order failed: SQLSTATE[23000]: Integrity constraint violation: 1062 Duplicate entry '0' for key 'PRIMARY'
[2025-08-27 15:17:00] Order failed: SQLSTATE[23000]: Integrity constraint violation: 1062 Duplicate entry '0' for key 'PRIMARY'
[2025-08-27 15:17:52] Order failed: SQLSTATE[23000]: Integrity constraint violation: 1062 Duplicate entry '0' for key 'PRIMARY'
[2025-08-27 15:17:59] Order failed: SQLSTATE[23000]: Integrity constraint violation: 1062 Duplicate entry '0' for key 'PRIMARY'
[2025-08-27 15:21:04] Order failed: SQLSTATE[23000]: Integrity constraint violation: 1062 Duplicate entry '0' for key 'PRIMARY'
[2025-08-27 15:23:09] Order failed: SQLSTATE[23000]: Integrity constraint violation: 1062 Duplicate entry '0' for key 'PRIMARY'
[2025-08-27 15:26:24] Order failed: SQLSTATE[23000]: Integrity constraint violation: 1062 Duplicate entry '0' for key 'PRIMARY'
[2025-08-27 15:31:42] Order failed: SQLSTATE[23000]: Integrity constraint violation: 1062 Duplicate entry '0' for key 'PRIMARY'
[2025-08-27 15:35:28] Order failed: SQLSTATE[23000]: Integrity constraint violation: 1062 Duplicate entry '0' for key 'PRIMARY'
[2025-08-27 15:39:31] Order failed: SQLSTATE[23000]: Integrity constraint violation: 1062 Duplicate entry '0' for key 'PRIMARY'
[2025-08-27 15:42:38] Order failed: SQLSTATE[23000]: Integrity constraint violation: 1062 Duplicate entry '0' for key 'PRIMARY'
[2025-08-27 15:48:49] Order failed: SQLSTATE[23000]: Integrity constraint violation: 1062 Duplicate entry '0' for key 'PRIMARY'
[2025-08-29 17:10:24] Order failed: SQLSTATE[23000]: Integrity constraint violation: 1062 Duplicate entry '0' for key 'PRIMARY'
[2025-08-31 12:25:41] Order failed: SQLSTATE[23000]: Integrity constraint violation: 1062 Duplicate entry '0' for key 'PRIMARY'
[2025-08-31 14:03:09] Order failed: SQLSTATE[23000]: Integrity constraint violation: 1062 Duplicate entry '0' for key 'PRIMARY'
[2025-08-31 14:08:08] Order failed: SQLSTATE[23000]: Integrity constraint violation: 1062 Duplicate entry '0' for key 'PRIMARY'
[2025-08-31 14:21:57] Order failed: SQLSTATE[23000]: Integrity constraint violation: 1062 Duplicate entry '0' for key 'PRIMARY'
[2025-08-31 14:24:31] Order failed: SQLSTATE[23000]: Integrity constraint violation: 1062 Duplicate entry '0' for key 'PRIMARY'
2025-09-01 15:51:54 - Request: {"order_item_id":"1","status":"shipped","tracking_number":""}
2025-09-01 15:52:06 - Request: {"order_item_id":"1","status":"shipped","tracking_number":"LBC233475093"}
2025-09-08 14:11:45 - Request: {"order_item_id":"1","status":"confirmed","tracking_number":"LBC233475093"}
2025-09-08 14:11:58 - Request: {"order_item_id":"1","status":"shipped","tracking_number":"LBC233475093"}
2025-09-09 09:27:59 - Request: {"order_item_id":"18","status":"delivered","tracking_number":"LBC233475195"}
2025-09-14 17:21:39 - Request: {"order_item_id":"1","status":"shipped","tracking_number":"LBC233475093"}
2025-09-26 00:24:19 - Request: {"order_item_id":"2","status":"shipped","tracking_number":"LBC233475093"}
2025-09-26 00:24:29 - Request: {"order_item_id":"1","status":"shipped","tracking_number":"LBC233793065"}
2025-09-26 00:31:21 - Request: {"order_item_id":"3","status":"confirmed","tracking_number":""}
2025-10-07 02:55:22 - Request: {"order_item_id":"10","status":"pending","tracking_number":"LBC2334O5093"}
2025-10-07 02:55:50 - Request: {"order_item_id":"10","status":"confirmed","tracking_number":"LBC2334O5093"}
2025-10-12 11:38:11 - Request: {"order_item_id":"10","status":"shipped","tracking_number":"LBC2334O5093"}
2025-10-12 11:38:24 - Request: {"order_item_id":"2","status":"delivered","tracking_number":"LBC233475093"}
2025-10-12 11:38:29 - Request: {"order_item_id":"1","status":"delivered","tracking_number":"LBC233793065"}
2025-10-14 14:00:52 - Request: {"order_item_id":"15","status":"delivered","tracking_number":"LBC2334O5093"}
2025-10-14 14:03:08 - Request: {"order_item_id":"14","status":"delivered","tracking_number":"LBC233793065"}
2025-10-14 14:03:49 - Request: {"order_item_id":"12","status":"shipped","tracking_number":"LBC233475195"}
2025-10-18 02:30:48 - Request: {"order_item_id":"17","status":"pending","tracking_number":""}
2025-10-24 02:13:15 - Request: {"order_item_id":"2","status":"shipped","tracking_number":"LBC233475195"}
2025-10-24 04:11:21 - Request: {"order_item_id":"1","status":"delivered","tracking_number":"LBC233475093"}
2025-10-24 04:11:54 - Request: {"order_item_id":"2","status":"delivered","tracking_number":"LBC233793065"}
2025-10-24 05:04:02 - Request: {"order_item_id":"3","status":"shipped","tracking_number":"LBC233793065"}
2025-10-24 05:18:49 - Request: {"order_item_id":"4","status":"shipped","tracking_number":"LBC233475077"}
2025-10-29 01:55:21 - Request: {"order_item_id":"4","status":"delivered","tracking_number":"LBC233475077"}
2025-10-29 01:55:36 - Request: {"order_item_id":"5","status":"confirmed","tracking_number":""}
2025-11-05 03:37:03 - Request: {"order_item_id":"5","status":"confirmed","tracking_number":""}
2025-11-05 03:46:53 - Request: {"order_item_id":"6","status":"cancelled","tracking_number":""}
2025-11-05 03:52:19 - Request: {"order_item_id":"5","status":"shipped","tracking_number":"LBC233400893"}
2025-11-05 03:52:26 - Request: {"order_item_id":"3","status":"delivered","tracking_number":"LBC233793065"}
2025-11-13 02:23:11 - Request: {"order_item_id":"11","status":"shipped","tracking_number":"LBC233475093"}
2025-11-13 02:23:26 - Request: {"order_item_id":"12","status":"shipped","tracking_number":"LBC233475093"}
2025-11-19 13:13:39 - Request: {"order_item_id":"14","status":"shipped","tracking_number":"LBC2334O5087"}
2025-11-21 07:45:04 - Request: {"order_item_id":"15","status":"confirmed","tracking_number":"LBC2334O5Q23"}
2025-11-21 07:45:12 - Request: {"order_item_id":"15","status":"shipped","tracking_number":"LBC2334O5Q23"}
2025-11-21 08:19:11 - Request: {"order_item_id":"16","status":"shipped","tracking_number":"LBC233400093"}
2025-11-21 08:58:30 - Request: {"order_item_id":"17","status":"shipped","tracking_number":"LBC233475093"}
2025-11-22 13:06:54 - Request: {"order_item_id":"9","status":"delivered","tracking_number":"LBC233475195"}
2026-02-02 13:48:21 - Request: {"order_item_id":"19","status":"shipped","tracking_number":"LBC233793065"}
2026-02-03 13:36:18 - Request: {"order_item_id":"20","status":"shipped","tracking_number":"LBC233223065"}
2026-02-04 10:15:12 - Request: {"order_item_id":"7","status":"shipped","tracking_number":"LBC233475195"}
2026-02-04 10:36:53 - Request: {"order_id":"15"}
2026-02-04 10:36:55 - Request: {"order_id":"14"}
2026-02-04 10:36:56 - Request: {"order_id":"8"}
2026-02-09 13:16:42 - Request: {"order_item_id":"23","status":"shipped","tracking_number":"LBC233793065"}
2026-02-09 13:35:34 - Request: {"order_item_id":"23","status":"delivered","tracking_number":"LBC233793065"}
2026-02-11 06:55:16 - Request: {"order_item_id":"52","status":"shipped","tracking_number":"LBC2334O5093"}
2026-02-12 02:59:39 - Request: {"order_item_id":"55","status":"cancelled","tracking_number":""}
2026-02-12 03:41:14 - Request: {"order_item_id":"58","status":"cancelled","tracking_number":""}
2026-02-12 05:22:17 - Request: {"order_item_id":"79","status":"shipped","tracking_number":"LBC233793065"}
2026-02-12 05:36:43 - Request: {"order_item_id":"5","status":"shipped","tracking_number":"LBC233475001"}
2026-02-12 05:36:57 - Request: {"order_item_id":"4","status":"shipped","tracking_number":"LBC233475001"}
2026-02-12 06:01:00 - Request: {"order_item_id":"1","status":"shipped","tracking_number":""}
2026-02-12 06:01:14 - Request: {"order_item_id":"1","status":"shipped","tracking_number":"LBC0212000001"}
2026-02-12 06:06:59 - Request: {"order_item_id":"3","status":"shipped","tracking_number":""}
2026-02-12 06:07:17 - Request: {"order_item_id":"3","status":"delivered","tracking_number":"LBC0212000003"}
2026-02-12 06:07:38 - Request: {"order_item_id":"2","status":"shipped","tracking_number":""}
2026-02-12 06:18:20 - Request: {"order_item_id":"25","status":"shipped","tracking_number":""}
2026-02-13 03:38:37 - Request: {"order_item_id":"25","status":"delivered","tracking_number":"LBC0212000025"}
2026-02-13 03:39:02 - Request: {"order_item_id":"7","status":"delivered","tracking_number":"LBC233475195"}
2026-02-19 02:20:14 - Request: {"order_item_id":"26","status":"shipped","tracking_number":""}
2026-02-19 02:20:20 - Request: {"order_item_id":"26","status":"shipped","tracking_number":"LBC0219000026"}
2026-02-19 02:20:27 - Request: {"order_item_id":"26","status":"delivered","tracking_number":"LBC0219000026"}
2026-02-19 02:20:30 - Request: {"order_item_id":"26","status":"delivered","tracking_number":"LBC0219000026"}
2026-02-19 02:21:04 - Request: {"order_item_id":"21","status":"delivered","tracking_number":""}
2026-02-19 02:21:10 - Request: {"order_item_id":"21","status":"shipped","tracking_number":""}
2026-02-19 02:21:16 - Request: {"order_item_id":"21","status":"delivered","tracking_number":"LBC0219000021"}
2026-02-19 02:29:56 - Request: {"order_item_id":"27","status":"shipped","tracking_number":""}
2026-02-19 02:30:02 - Request: {"order_item_id":"27","status":"delivered","tracking_number":"LBC0219000027"}
2026-02-19 02:40:16 - Request: {"order_item_id":"28","status":"delivered","tracking_number":""}
2026-02-19 02:40:37 - Request: {"order_item_id":"20","status":"shipped","tracking_number":"LBC233223065"}
2026-02-19 02:40:44 - Request: {"order_item_id":"20","status":"delivered","tracking_number":"LBC233223065"}
2026-02-19 23:21:40 - Request: {"order_item_id":"32","status":"shipped","tracking_number":""}
2026-02-19 23:21:47 - Request: {"order_item_id":"32","status":"delivered","tracking_number":"LBC0219000032"}
2026-02-19 23:28:05 - Request: {"order_item_id":"31","status":"shipped","tracking_number":""}
2026-02-26 04:35:36 - Request: {"order_item_id":"26","status":"shipped","tracking_number":""}
2026-02-26 04:35:43 - Request: {"order_item_id":"26","status":"delivered","tracking_number":"LBC0226000026"}
2026-02-27 01:25:13 - Request: {"order_item_id":"21","status":"shipped","tracking_number":""}
2026-02-27 01:25:19 - Request: {"order_item_id":"21","status":"delivered","tracking_number":"LBC0227000021"}
2026-02-27 01:25:26 - Request: {"order_item_id":"18","status":"shipped","tracking_number":""}
2026-02-27 01:25:31 - Request: {"order_item_id":"18","status":"delivered","tracking_number":"LBC0227000018"}
2026-02-27 01:40:35 - Request: {"order_item_id":"26","status":"shipped","tracking_number":""}
2026-02-27 01:40:40 - Request: {"order_item_id":"27","status":"shipped","tracking_number":""}
2026-02-27 01:40:51 - Request: {"order_item_id":"26","status":"delivered","tracking_number":"LBC0227000026"}
2026-03-04 03:23:35 - Request: {"order_item_id":"29","status":"shipped","tracking_number":""}
2026-03-04 06:28:03 - Request: {"order_item_id":"30","status":"shipped","tracking_number":""}
2026-03-04 06:33:47 - Request: {"order_item_id":"13","status":"delivered","tracking_number":""}
2026-03-04 06:35:57 - Request: {"order_item_id":"10","status":"shipped","tracking_number":""}
2026-03-04 06:36:08 - Request: {"order_item_id":"10","status":"delivered","tracking_number":"LBC0304000010"}
2026-03-04 08:23:02 - Request: {"order_item_id":"30","status":"delivered","tracking_number":"LBC0304000030"}
2026-03-04 08:51:15 - Request: {"order_item_id":"20","status":"delivered","tracking_number":"LBC233223065"}
2026-03-04 08:54:21 - Request: {"order_item_id":"42","status":"shipped","tracking_number":""}
2026-03-04 09:00:39 - Request: {"order_item_id":"42","status":"delivered","tracking_number":"LBC0304000042"}
2026-03-04 09:00:49 - Request: {"order_item_id":"41","status":"shipped","tracking_number":""}
2026-03-05 14:53:25 - Request: {"order_item_id":"39","status":"shipped","tracking_number":""}
2026-03-05 14:58:44 - Request: {"order_item_id":"42","status":"shipped","tracking_number":""}
2026-03-05 15:22:07 - Request: {"order_item_id":"44","status":"confirmed","tracking_number":""}
2026-03-05 15:26:27 - Request: {"order_item_id":"43","status":"confirmed","tracking_number":""}
2026-03-06 02:35:00 - Request: {"order_item_id":"53","status":"shipped","tracking_number":""}
2026-03-06 02:35:08 - Request: {"order_item_id":"52","status":"shipped","tracking_number":""}
2026-03-08 11:44:59 - Request: {"order_item_id":"30","status":"shipped","tracking_number":""}
2026-03-08 11:45:06 - Request: {"order_item_id":"31","status":"shipped","tracking_number":""}
2026-03-13 04:17:59 - Request: {"order_item_id":"8","status":"shipped","tracking_number":""}
2026-03-13 04:18:06 - Request: {"order_item_id":"20","status":"delivered","tracking_number":"LBC233223065"}
2026-03-13 04:18:12 - Request: {"order_item_id":"29","status":"delivered","tracking_number":"LBC0304000029"}
2026-03-13 04:23:09 - Request: {"order_item_id":"34","status":"shipped","tracking_number":""}
2026-03-13 04:26:13 - Request: {"order_item_id":"27","status":"delivered","tracking_number":"LBC0227000027"}
2026-03-13 04:26:21 - Request: {"order_item_id":"28","status":"shipped","tracking_number":""}
2026-03-16 03:18:25 - Request: {"order_item_id":"38","status":"shipped","tracking_number":""}
2026-03-16 06:55:54 - Request: {"order_item_id":"71","status":"shipped","tracking_number":""}
